[debug] [2020-08-10T23:33:22.632Z] ----------------------------------------------------------------------
[debug] [2020-08-10T23:33:22.634Z] Command:       /usr/local/bin/firebase /Users/saumyasinghal/.cache/firebase/tools/lib/node_modules/firebase-tools/lib/bin/firebase deploy --token 1//063tmOOmdPOyJCgYIARAAGAYSNwF-L9Irkx55t8zmWn6LzPKRTEyr3h_VXncKBqL_63XvFjJiC5fZfJS8_0b3wZULkSEBIQ4i4uk --debug
[debug] [2020-08-10T23:33:22.634Z] CLI Version:   8.7.0
[debug] [2020-08-10T23:33:22.634Z] Platform:      darwin
[debug] [2020-08-10T23:33:22.635Z] Node Version:  v12.18.1
[debug] [2020-08-10T23:33:22.641Z] Time:          Mon Aug 10 2020 16:33:22 GMT-0700 (Pacific Daylight Time)
[debug] [2020-08-10T23:33:22.641Z] ----------------------------------------------------------------------
[debug] [2020-08-10T23:33:22.642Z] 
[debug] [2020-08-10T23:33:22.653Z] > command requires scopes: ["email","openid","https://www.googleapis.com/auth/cloudplatformprojects.readonly","https://www.googleapis.com/auth/firebase","https://www.googleapis.com/auth/cloud-platform"]
[debug] [2020-08-10T23:33:22.654Z] > authorizing via --token option
[debug] [2020-08-10T23:33:22.654Z] [iam] checking project socrathematics for permissions ["cloudfunctions.functions.create","cloudfunctions.functions.delete","cloudfunctions.functions.get","cloudfunctions.functions.list","cloudfunctions.functions.update","cloudfunctions.operations.get","firebase.projects.get","firebasehosting.sites.update"]
[debug] [2020-08-10T23:33:22.658Z] > refreshing access token with scopes: ["email","openid","https://www.googleapis.com/auth/cloudplatformprojects.readonly","https://www.googleapis.com/auth/firebase","https://www.googleapis.com/auth/cloud-platform"]
[debug] [2020-08-10T23:33:22.658Z] >>> HTTP REQUEST POST https://www.googleapis.com/oauth2/v3/token  
 <request body omitted>
[debug] [2020-08-10T23:33:22.817Z] <<< HTTP RESPONSE 200 {"content-type":"application/json; charset=utf-8","vary":"X-Origin, Referer, Origin,Accept-Encoding","date":"Mon, 10 Aug 2020 23:33:22 GMT","server":"scaffolding on HTTPServer2","cache-control":"private","x-xss-protection":"0","x-frame-options":"SAMEORIGIN","x-content-type-options":"nosniff","alt-svc":"h3-29=\":443\"; ma=2592000,h3-27=\":443\"; ma=2592000,h3-T050=\":443\"; ma=2592000,h3-Q050=\":443\"; ma=2592000,h3-Q046=\":443\"; ma=2592000,h3-Q043=\":443\"; ma=2592000,quic=\":443\"; ma=2592000; v=\"46,43\"","accept-ranges":"none","transfer-encoding":"chunked"}
[debug] [2020-08-10T23:33:22.819Z] >>> HTTP REQUEST POST https://cloudresourcemanager.googleapis.com/v1/projects/socrathematics:testIamPermissions  
 {"permissions":["cloudfunctions.functions.create","cloudfunctions.functions.delete","cloudfunctions.functions.get","cloudfunctions.functions.list","cloudfunctions.functions.update","cloudfunctions.operations.get","firebase.projects.get","firebasehosting.sites.update"]}
[debug] [2020-08-10T23:33:22.942Z] <<< HTTP RESPONSE 200 {"content-type":"application/json; charset=UTF-8","vary":"X-Origin, Referer, Origin,Accept-Encoding","date":"Mon, 10 Aug 2020 23:33:22 GMT","server":"ESF","cache-control":"private","x-xss-protection":"0","x-frame-options":"SAMEORIGIN","x-content-type-options":"nosniff","server-timing":"gfet4t7; dur=54","alt-svc":"h3-29=\":443\"; ma=2592000,h3-27=\":443\"; ma=2592000,h3-T050=\":443\"; ma=2592000,h3-Q050=\":443\"; ma=2592000,h3-Q046=\":443\"; ma=2592000,h3-Q043=\":443\"; ma=2592000,quic=\":443\"; ma=2592000; v=\"46,43\"","accept-ranges":"none","transfer-encoding":"chunked"}
[debug] [2020-08-10T23:33:22.944Z] >>> HTTP REQUEST POST https://iam.googleapis.com/v1/projects/socrathematics/serviceAccounts/socrathematics@appspot.gserviceaccount.com:testIamPermissions  
 {"permissions":["iam.serviceAccounts.actAs"]}
[debug] [2020-08-10T23:33:23.388Z] <<< HTTP RESPONSE 200 {"content-type":"application/json; charset=UTF-8","vary":"X-Origin, Referer, Origin,Accept-Encoding","date":"Mon, 10 Aug 2020 23:33:23 GMT","server":"ESF","cache-control":"private","x-xss-protection":"0","x-frame-options":"SAMEORIGIN","x-content-type-options":"nosniff","alt-svc":"h3-29=\":443\"; ma=2592000,h3-27=\":443\"; ma=2592000,h3-T050=\":443\"; ma=2592000,h3-Q050=\":443\"; ma=2592000,h3-Q046=\":443\"; ma=2592000,h3-Q043=\":443\"; ma=2592000,quic=\":443\"; ma=2592000; v=\"46,43\"","accept-ranges":"none","transfer-encoding":"chunked"}
[debug] [2020-08-10T23:33:23.390Z] >>> HTTP REQUEST GET https://firebase.googleapis.com/v1beta1/projects/socrathematics  
 
[debug] [2020-08-10T23:33:23.684Z] <<< HTTP RESPONSE 200 {"content-type":"application/json; charset=UTF-8","vary":"X-Origin, Referer, Origin,Accept-Encoding","date":"Mon, 10 Aug 2020 23:33:23 GMT","server":"ESF","cache-control":"private","x-xss-protection":"0","x-frame-options":"SAMEORIGIN","x-content-type-options":"nosniff","alt-svc":"h3-29=\":443\"; ma=2592000,h3-27=\":443\"; ma=2592000,h3-T050=\":443\"; ma=2592000,h3-Q050=\":443\"; ma=2592000,h3-Q046=\":443\"; ma=2592000,h3-Q043=\":443\"; ma=2592000,quic=\":443\"; ma=2592000; v=\"46,43\"","accept-ranges":"none","transfer-encoding":"chunked"}
[info] 
[info] === Deploying to 'socrathematics'...
[info] 
[info] i  deploying functions, hosting 
[info] Running command: npm --prefix "$RESOURCE_DIR" run lint
[info] ✔  functions: Finished running predeploy script. 
[debug] [2020-08-10T23:33:27.153Z] > [functions] package.json contents: {
  "name": "functions",
  "description": "Cloud Functions for Firebase",
  "scripts": {
    "lint": "eslint .",
    "serve": "firebase emulators:start --only functions",
    "shell": "firebase functions:shell",
    "start": "npm run shell",
    "deploy": "firebase deploy --only functions",
    "logs": "firebase functions:log"
  },
  "engines": {
    "node": "8"
  },
  "main": "index.js",
  "dependencies": {
    "firebase-admin": "^8.10.0",
    "firebase-functions": "^3.6.1"
  },
  "devDependencies": {
    "eslint": "^5.12.0",
    "eslint-plugin-promise": "^4.0.1",
    "firebase-functions-test": "^0.2.0"
  },
  "private": true
}
[info] i  functions: ensuring required API cloudfunctions.googleapis.com is enabled... 
[warn] 
[warn] ⚠  functions: The Node.js 8 runtime is deprecated and will be decommissioned on 2021-03-15. For more information, see: https://firebase.google.com/support/faq#functions-runtime 
[warn] 
[debug] [2020-08-10T23:33:28.107Z] >>> HTTP REQUEST GET https://serviceusage.googleapis.com/v1/projects/socrathematics/services/cloudfunctions.googleapis.com  
 
[debug] [2020-08-10T23:33:28.108Z] >>> HTTP REQUEST GET https://serviceusage.googleapis.com/v1/projects/socrathematics/services/runtimeconfig.googleapis.com  
 
[debug] [2020-08-10T23:33:28.615Z] <<< HTTP RESPONSE 200 {"content-type":"application/json; charset=UTF-8","vary":"X-Origin, Referer, Origin,Accept-Encoding","date":"Mon, 10 Aug 2020 23:33:28 GMT","server":"ESF","cache-control":"private","x-xss-protection":"0","x-frame-options":"SAMEORIGIN","x-content-type-options":"nosniff","alt-svc":"h3-29=\":443\"; ma=2592000,h3-27=\":443\"; ma=2592000,h3-T050=\":443\"; ma=2592000,h3-Q050=\":443\"; ma=2592000,h3-Q046=\":443\"; ma=2592000,h3-Q043=\":443\"; ma=2592000,quic=\":443\"; ma=2592000; v=\"46,43\"","accept-ranges":"none","transfer-encoding":"chunked"}
[debug] [2020-08-10T23:33:28.639Z] <<< HTTP RESPONSE 200 {"content-type":"application/json; charset=UTF-8","vary":"X-Origin, Referer, Origin,Accept-Encoding","date":"Mon, 10 Aug 2020 23:33:28 GMT","server":"ESF","cache-control":"private","x-xss-protection":"0","x-frame-options":"SAMEORIGIN","x-content-type-options":"nosniff","alt-svc":"h3-29=\":443\"; ma=2592000,h3-27=\":443\"; ma=2592000,h3-T050=\":443\"; ma=2592000,h3-Q050=\":443\"; ma=2592000,h3-Q046=\":443\"; ma=2592000,h3-Q043=\":443\"; ma=2592000,quic=\":443\"; ma=2592000; v=\"46,43\"","accept-ranges":"none","transfer-encoding":"chunked"}
[info] ✔  functions: required API cloudfunctions.googleapis.com is enabled 
[debug] [2020-08-10T23:33:28.641Z] >>> HTTP REQUEST GET https://firebase.googleapis.com/v1beta1/projects/socrathematics/adminSdkConfig  
 
[debug] [2020-08-10T23:33:28.827Z] <<< HTTP RESPONSE 200 {"content-type":"application/json; charset=UTF-8","vary":"X-Origin, Referer, Origin,Accept-Encoding","date":"Mon, 10 Aug 2020 23:33:28 GMT","server":"ESF","cache-control":"private","x-xss-protection":"0","x-frame-options":"SAMEORIGIN","x-content-type-options":"nosniff","alt-svc":"h3-29=\":443\"; ma=2592000,h3-27=\":443\"; ma=2592000,h3-T050=\":443\"; ma=2592000,h3-Q050=\":443\"; ma=2592000,h3-Q046=\":443\"; ma=2592000,h3-Q043=\":443\"; ma=2592000,quic=\":443\"; ma=2592000; v=\"46,43\"","accept-ranges":"none","transfer-encoding":"chunked"}
[debug] [2020-08-10T23:33:28.830Z] >>> HTTP REQUEST POST https://firebasehosting.googleapis.com/v1beta1/sites/socrathematics/versions  
 {"config":{"rewrites":[{"glob":"/bigben","function":"bigben"},{"glob":"/cc","path":"/cc/index.xml"},{"glob":"/cc/index.html","path":"/cc/index.xml"}],"redirects":[{"glob":"/request","location":"/request-course","statusCode":301},{"glob":"/course-request","location":"/request-course","statusCode":301}]},"labels":{"deployment-tool":"cli-firebase"}}
[debug] [2020-08-10T23:33:30.045Z] <<< HTTP RESPONSE 200 {"content-type":"application/json; charset=UTF-8","vary":"X-Origin, Referer, Origin,Accept-Encoding","date":"Mon, 10 Aug 2020 23:33:29 GMT","server":"ESF","cache-control":"private","x-xss-protection":"0","x-frame-options":"SAMEORIGIN","x-content-type-options":"nosniff","alt-svc":"h3-29=\":443\"; ma=2592000,h3-27=\":443\"; ma=2592000,h3-T050=\":443\"; ma=2592000,h3-Q050=\":443\"; ma=2592000,h3-Q046=\":443\"; ma=2592000,h3-Q043=\":443\"; ma=2592000,quic=\":443\"; ma=2592000; v=\"46,43\"","accept-ranges":"none","transfer-encoding":"chunked"}
[info] i  functions: preparing functions directory for uploading... 
[debug] [2020-08-10T23:33:30.047Z] >>> HTTP REQUEST GET https://runtimeconfig.googleapis.com/v1beta1/projects/socrathematics/configs  
 
[debug] [2020-08-10T23:33:30.311Z] <<< HTTP RESPONSE 200 {"content-type":"application/json; charset=UTF-8","vary":"X-Origin, Referer, Origin,Accept-Encoding","date":"Mon, 10 Aug 2020 23:33:30 GMT","server":"ESF","cache-control":"private","x-xss-protection":"0","x-frame-options":"SAMEORIGIN","x-content-type-options":"nosniff","alt-svc":"h3-29=\":443\"; ma=2592000,h3-27=\":443\"; ma=2592000,h3-T051=\":443\"; ma=2592000,h3-T050=\":443\"; ma=2592000,h3-Q050=\":443\"; ma=2592000,h3-Q046=\":443\"; ma=2592000,h3-Q043=\":443\"; ma=2592000,quic=\":443\"; ma=2592000; v=\"46,43\"","accept-ranges":"none","transfer-encoding":"chunked"}
[debug] [2020-08-10T23:33:30.313Z] >>> HTTP REQUEST GET https://runtimeconfig.googleapis.com/v1beta1/projects/socrathematics/configs/gmail/variables  
 
[debug] [2020-08-10T23:33:30.523Z] <<< HTTP RESPONSE 200 {"content-type":"application/json; charset=UTF-8","vary":"X-Origin, Referer, Origin,Accept-Encoding","date":"Mon, 10 Aug 2020 23:33:30 GMT","server":"ESF","cache-control":"private","x-xss-protection":"0","x-frame-options":"SAMEORIGIN","x-content-type-options":"nosniff","alt-svc":"h3-29=\":443\"; ma=2592000,h3-27=\":443\"; ma=2592000,h3-T051=\":443\"; ma=2592000,h3-T050=\":443\"; ma=2592000,h3-Q050=\":443\"; ma=2592000,h3-Q046=\":443\"; ma=2592000,h3-Q043=\":443\"; ma=2592000,quic=\":443\"; ma=2592000; v=\"46,43\"","accept-ranges":"none","transfer-encoding":"chunked"}
[debug] [2020-08-10T23:33:30.525Z] >>> HTTP REQUEST GET https://runtimeconfig.googleapis.com/v1beta1/projects/socrathematics/configs/gmail/variables/pass  
 
[debug] [2020-08-10T23:33:30.526Z] >>> HTTP REQUEST GET https://runtimeconfig.googleapis.com/v1beta1/projects/socrathematics/configs/gmail/variables/login  
 
[debug] [2020-08-10T23:33:30.699Z] <<< HTTP RESPONSE 200 {"content-type":"application/json; charset=UTF-8","vary":"X-Origin, Referer, Origin,Accept-Encoding","date":"Mon, 10 Aug 2020 23:33:30 GMT","server":"ESF","cache-control":"private","x-xss-protection":"0","x-frame-options":"SAMEORIGIN","x-content-type-options":"nosniff","alt-svc":"h3-29=\":443\"; ma=2592000,h3-27=\":443\"; ma=2592000,h3-T051=\":443\"; ma=2592000,h3-T050=\":443\"; ma=2592000,h3-Q050=\":443\"; ma=2592000,h3-Q046=\":443\"; ma=2592000,h3-Q043=\":443\"; ma=2592000,quic=\":443\"; ma=2592000; v=\"46,43\"","accept-ranges":"none","transfer-encoding":"chunked"}
[debug] [2020-08-10T23:33:31.059Z] <<< HTTP RESPONSE 200 {"content-type":"application/json; charset=UTF-8","vary":"X-Origin, Referer, Origin,Accept-Encoding","date":"Mon, 10 Aug 2020 23:33:31 GMT","server":"ESF","cache-control":"private","x-xss-protection":"0","x-frame-options":"SAMEORIGIN","x-content-type-options":"nosniff","alt-svc":"h3-29=\":443\"; ma=2592000,h3-27=\":443\"; ma=2592000,h3-T051=\":443\"; ma=2592000,h3-T050=\":443\"; ma=2592000,h3-Q050=\":443\"; ma=2592000,h3-Q046=\":443\"; ma=2592000,h3-Q043=\":443\"; ma=2592000,quic=\":443\"; ma=2592000; v=\"46,43\"","accept-ranges":"none","transfer-encoding":"chunked"}
[info] i  functions: packaged functions (39.47 KB) for uploading 
[debug] [2020-08-10T23:33:31.298Z] >>> HTTP REQUEST GET https://cloudfunctions.googleapis.com/v1/projects/socrathematics/locations/-/functions  
 
[debug] [2020-08-10T23:33:32.037Z] <<< HTTP RESPONSE 200 {"content-type":"application/json; charset=UTF-8","vary":"X-Origin, Referer, Origin,Accept-Encoding","date":"Mon, 10 Aug 2020 23:33:32 GMT","server":"ESF","cache-control":"private","x-xss-protection":"0","x-frame-options":"SAMEORIGIN","x-content-type-options":"nosniff","alt-svc":"h3-29=\":443\"; ma=2592000,h3-27=\":443\"; ma=2592000,h3-T050=\":443\"; ma=2592000,h3-Q050=\":443\"; ma=2592000,h3-Q046=\":443\"; ma=2592000,h3-Q043=\":443\"; ma=2592000,quic=\":443\"; ma=2592000; v=\"46,43\"","accept-ranges":"none","transfer-encoding":"chunked"}
[debug] [2020-08-10T23:33:32.040Z] >>> HTTP REQUEST POST https://cloudfunctions.googleapis.com/v1/projects/socrathematics/locations/us-central1/functions:generateUploadUrl  
 
[debug] [2020-08-10T23:33:32.801Z] <<< HTTP RESPONSE 200 {"content-type":"application/json; charset=UTF-8","vary":"X-Origin, Referer, Origin,Accept-Encoding","date":"Mon, 10 Aug 2020 23:33:32 GMT","server":"ESF","cache-control":"private","x-xss-protection":"0","x-frame-options":"SAMEORIGIN","x-content-type-options":"nosniff","alt-svc":"h3-29=\":443\"; ma=2592000,h3-27=\":443\"; ma=2592000,h3-T050=\":443\"; ma=2592000,h3-Q050=\":443\"; ma=2592000,h3-Q046=\":443\"; ma=2592000,h3-Q043=\":443\"; ma=2592000,quic=\":443\"; ma=2592000; v=\"46,43\"","accept-ranges":"none","transfer-encoding":"chunked"}
[debug] [2020-08-10T23:33:32.802Z] >>> HTTP REQUEST PUT https://storage.googleapis.com/gcf-upload-us-central1-6e13bec1-822b-4999-8e81-b65ae74789e1/ff6ecc54-be88-4c8b-a9be-6eeb8099712a.zip?GoogleAccessId=service-809638401187@gcf-admin-robot.iam.gserviceaccount.com&Expires=1597104212&Signature=ZALo2r1TCNDLiDtWGQKcBtT9vh8TNFZDWO9oKUgB5%2FyEwXYpv05uRj7TUVmLS0Bit4pY8wU2Q%2Bmn%2FgrtWQEiXtEh2kjyJl%2FMr5ik270cnfAmB9odh8HPIgmlphtDcu3Z5x3v04DyIY5iYVaWU3GpIP1okHgSzVfbBtWUwLuLAY4N%2F%2Fq5eQ%2BqxvXVoWvu4t4wgKfcSpIjhsKiq%2BcPpjHk2BstI3mLQrGW%2FuvmDmtwDNUGXXp27jw5NOf5OVsAcWsz90Q7FOUOkORbm%2FUC0a62%2BwbRexKCPZKwYdU6Wul19YEtkEw0lpELN4Xcrlo4wEsPHkT0g4USxW6uYG3mSwToQg%3D%3D  
 <request body omitted>
[debug] [2020-08-10T23:33:33.125Z] <<< HTTP RESPONSE 200 {"x-guploader-uploadid":"AAANsUmDUNRd0TEnEUzmjzt_jNbJOfMsHC54Z_enPLe2EPrAgAmyB6M7Ft1_n_KdM0_dB8MnmJoEXZA87Jb_3t5P2C2zr3C7fQ","etag":"\"d0d4ff6ec7b92a01fe6befda724176e0\"","x-goog-generation":"1597102413124688","x-goog-metageneration":"1","x-goog-hash":"crc32c=EeiWyw==, md5=0NT/bse5KgH+a+/ackF24A==","x-goog-stored-content-length":"40421","x-goog-stored-content-encoding":"identity","vary":"Origin","content-length":"0","date":"Mon, 10 Aug 2020 23:33:33 GMT","server":"UploadServer","content-type":"text/html; charset=UTF-8","alt-svc":"h3-29=\":443\"; ma=2592000,h3-27=\":443\"; ma=2592000,h3-T050=\":443\"; ma=2592000,h3-Q050=\":443\"; ma=2592000,h3-Q046=\":443\"; ma=2592000,h3-Q043=\":443\"; ma=2592000,quic=\":443\"; ma=2592000; v=\"46,43\""}
[info] ✔  functions: functions folder uploaded successfully 
[info] i  hosting[socrathematics]: beginning deploy... 
[info] i  hosting[socrathematics]: found 1281 files in . 
[debug] [2020-08-10T23:33:33.510Z] >>> HTTP REQUEST POST https://firebasehosting.googleapis.com/v1beta1/sites/socrathematics/versions/6dda95cb884003ae:populateFiles  
 <request body omitted>
[debug] [2020-08-10T23:33:33.527Z] [hosting] hash cache [] stored for 1281 files
[debug] [2020-08-10T23:33:33.527Z] [hosting][hash queue][FINAL] {"max":79,"min":0,"avg":1.7650189796403248,"active":0,"complete":1281,"success":1281,"errored":0,"retried":0,"total":1281,"elapsed":95}
[debug] [2020-08-10T23:33:33.528Z] >>> HTTP REQUEST POST https://firebasehosting.googleapis.com/v1beta1/sites/socrathematics/versions/6dda95cb884003ae:populateFiles  
 <request body omitted>
[debug] [2020-08-10T23:33:34.303Z] <<< HTTP RESPONSE 200 {"content-type":"application/json; charset=UTF-8","vary":"X-Origin, Referer, Origin,Accept-Encoding","date":"Mon, 10 Aug 2020 23:33:34 GMT","server":"ESF","cache-control":"private","x-xss-protection":"0","x-frame-options":"SAMEORIGIN","x-content-type-options":"nosniff","alt-svc":"h3-29=\":443\"; ma=2592000,h3-27=\":443\"; ma=2592000,h3-T050=\":443\"; ma=2592000,h3-Q050=\":443\"; ma=2592000,h3-Q046=\":443\"; ma=2592000,h3-Q043=\":443\"; ma=2592000,quic=\":443\"; ma=2592000; v=\"46,43\"","accept-ranges":"none","transfer-encoding":"chunked"}
[debug] [2020-08-10T23:33:34.587Z] <<< HTTP RESPONSE 200 {"content-type":"application/json; charset=UTF-8","vary":"X-Origin, Referer, Origin,Accept-Encoding","date":"Mon, 10 Aug 2020 23:33:34 GMT","server":"ESF","cache-control":"private","x-xss-protection":"0","x-frame-options":"SAMEORIGIN","x-content-type-options":"nosniff","alt-svc":"h3-29=\":443\"; ma=2592000,h3-27=\":443\"; ma=2592000,h3-T050=\":443\"; ma=2592000,h3-Q050=\":443\"; ma=2592000,h3-Q046=\":443\"; ma=2592000,h3-Q043=\":443\"; ma=2592000,quic=\":443\"; ma=2592000; v=\"46,43\"","accept-ranges":"none","transfer-encoding":"chunked"}
[debug] [2020-08-10T23:33:34.588Z] [hosting][populate queue][FINAL] {"max":1079,"min":781,"avg":930,"active":0,"complete":2,"success":2,"errored":0,"retried":0,"total":2,"elapsed":1079}
[debug] [2020-08-10T23:33:34.589Z] [hosting] uploads queued: 1
[info] i  hosting: uploading new files [0/1] (0%) 
[debug] [2020-08-10T23:33:35.473Z] [hosting][upload queue][FINAL] {"max":1169,"min":1169,"avg":1169,"active":0,"complete":1,"success":1,"errored":0,"retried":0,"total":1,"elapsed":1169}
[info] ✔  hosting[socrathematics]: file upload complete 
[debug] [2020-08-10T23:33:35.473Z] [hosting] deploy completed after 2346ms
[info] i  functions: updating Node.js 8 (Deprecated) function bigben(us-central1)... 
[debug] [2020-08-10T23:33:35.476Z] Trigger is:  {"httpsTrigger":{}}
[debug] [2020-08-10T23:33:35.477Z] >>> HTTP REQUEST PATCH https://cloudfunctions.googleapis.com/v1/projects/socrathematics/locations/us-central1/functions/bigben {"updateMask":"sourceUploadUrl,name,labels,runtime,environmentVariables,httpsTrigger"} 
 {"sourceUploadUrl":"https://storage.googleapis.com/gcf-upload-us-central1-6e13bec1-822b-4999-8e81-b65ae74789e1/ff6ecc54-be88-4c8b-a9be-6eeb8099712a.zip?GoogleAccessId=service-809638401187@gcf-admin-robot.iam.gserviceaccount.com&Expires=1597104212&Signature=ZALo2r1TCNDLiDtWGQKcBtT9vh8TNFZDWO9oKUgB5%2FyEwXYpv05uRj7TUVmLS0Bit4pY8wU2Q%2Bmn%2FgrtWQEiXtEh2kjyJl%2FMr5ik270cnfAmB9odh8HPIgmlphtDcu3Z5x3v04DyIY5iYVaWU3GpIP1okHgSzVfbBtWUwLuLAY4N%2F%2Fq5eQ%2BqxvXVoWvu4t4wgKfcSpIjhsKiq%2BcPpjHk2BstI3mLQrGW%2FuvmDmtwDNUGXXp27jw5NOf5OVsAcWsz90Q7FOUOkORbm%2FUC0a62%2BwbRexKCPZKwYdU6Wul19YEtkEw0lpELN4Xcrlo4wEsPHkT0g4USxW6uYG3mSwToQg%3D%3D","name":"projects/socrathematics/locations/us-central1/functions/bigben","labels":{"deployment-tool":"cli-firebase"},"httpsTrigger":{},"runtime":"nodejs8","environmentVariables":{"FIREBASE_CONFIG":"{\"projectId\":\"socrathematics\",\"databaseURL\":\"https://socrathematics.firebaseio.com\",\"storageBucket\":\"socrathematics.appspot.com\",\"locationId\":\"us-central\"}"}}
[debug] [2020-08-10T23:33:36.191Z] <<< HTTP RESPONSE 200 {"content-type":"application/json; charset=UTF-8","vary":"X-Origin, Referer, Origin,Accept-Encoding","date":"Mon, 10 Aug 2020 23:33:36 GMT","server":"ESF","cache-control":"private","x-xss-protection":"0","x-frame-options":"SAMEORIGIN","x-content-type-options":"nosniff","alt-svc":"h3-29=\":443\"; ma=2592000,h3-27=\":443\"; ma=2592000,h3-T050=\":443\"; ma=2592000,h3-Q050=\":443\"; ma=2592000,h3-Q046=\":443\"; ma=2592000,h3-Q043=\":443\"; ma=2592000,quic=\":443\"; ma=2592000; v=\"46,43\"","accept-ranges":"none","transfer-encoding":"chunked"}
[debug] [2020-08-10T23:33:36.195Z] >>> HTTP REQUEST GET https://cloudfunctions.googleapis.com/v1/projects/socrathematics/locations/-/functions  
 
[debug] [2020-08-10T23:33:36.770Z] <<< HTTP RESPONSE 200 {"content-type":"application/json; charset=UTF-8","vary":"X-Origin, Referer, Origin,Accept-Encoding","date":"Mon, 10 Aug 2020 23:33:36 GMT","server":"ESF","cache-control":"private","x-xss-protection":"0","x-frame-options":"SAMEORIGIN","x-content-type-options":"nosniff","alt-svc":"h3-29=\":443\"; ma=2592000,h3-27=\":443\"; ma=2592000,h3-T050=\":443\"; ma=2592000,h3-Q050=\":443\"; ma=2592000,h3-Q046=\":443\"; ma=2592000,h3-Q043=\":443\"; ma=2592000,quic=\":443\"; ma=2592000; v=\"46,43\"","accept-ranges":"none","transfer-encoding":"chunked"}
[debug] [2020-08-10T23:33:36.772Z] >>> HTTP REQUEST GET https://cloudfunctions.googleapis.com/v1/operations/c29jcmF0aGVtYXRpY3MvdXMtY2VudHJhbDEvYmlnYmVuL2FiYWpBeXFvUkZJ  
 
[debug] [2020-08-10T23:33:37.003Z] <<< HTTP RESPONSE 200 {"content-type":"application/json; charset=UTF-8","vary":"X-Origin, Referer, Origin,Accept-Encoding","date":"Mon, 10 Aug 2020 23:33:37 GMT","server":"ESF","cache-control":"private","x-xss-protection":"0","x-frame-options":"SAMEORIGIN","x-content-type-options":"nosniff","alt-svc":"h3-29=\":443\"; ma=2592000,h3-27=\":443\"; ma=2592000,h3-T050=\":443\"; ma=2592000,h3-Q050=\":443\"; ma=2592000,h3-Q046=\":443\"; ma=2592000,h3-Q043=\":443\"; ma=2592000,quic=\":443\"; ma=2592000; v=\"46,43\"","accept-ranges":"none","transfer-encoding":"chunked"}
[debug] [2020-08-10T23:33:39.008Z] >>> HTTP REQUEST GET https://cloudfunctions.googleapis.com/v1/operations/c29jcmF0aGVtYXRpY3MvdXMtY2VudHJhbDEvYmlnYmVuL2FiYWpBeXFvUkZJ  
 
[debug] [2020-08-10T23:33:39.251Z] <<< HTTP RESPONSE 200 {"content-type":"application/json; charset=UTF-8","vary":"X-Origin, Referer, Origin,Accept-Encoding","date":"Mon, 10 Aug 2020 23:33:39 GMT","server":"ESF","cache-control":"private","x-xss-protection":"0","x-frame-options":"SAMEORIGIN","x-content-type-options":"nosniff","alt-svc":"h3-29=\":443\"; ma=2592000,h3-27=\":443\"; ma=2592000,h3-T050=\":443\"; ma=2592000,h3-Q050=\":443\"; ma=2592000,h3-Q046=\":443\"; ma=2592000,h3-Q043=\":443\"; ma=2592000,quic=\":443\"; ma=2592000; v=\"46,43\"","accept-ranges":"none","transfer-encoding":"chunked"}
[debug] [2020-08-10T23:33:41.254Z] >>> HTTP REQUEST GET https://cloudfunctions.googleapis.com/v1/operations/c29jcmF0aGVtYXRpY3MvdXMtY2VudHJhbDEvYmlnYmVuL2FiYWpBeXFvUkZJ  
 
[debug] [2020-08-10T23:33:41.718Z] <<< HTTP RESPONSE 200 {"content-type":"application/json; charset=UTF-8","vary":"X-Origin, Referer, Origin,Accept-Encoding","date":"Mon, 10 Aug 2020 23:33:41 GMT","server":"ESF","cache-control":"private","x-xss-protection":"0","x-frame-options":"SAMEORIGIN","x-content-type-options":"nosniff","alt-svc":"h3-29=\":443\"; ma=2592000,h3-27=\":443\"; ma=2592000,h3-T050=\":443\"; ma=2592000,h3-Q050=\":443\"; ma=2592000,h3-Q046=\":443\"; ma=2592000,h3-Q043=\":443\"; ma=2592000,quic=\":443\"; ma=2592000; v=\"46,43\"","accept-ranges":"none","transfer-encoding":"chunked"}
[debug] [2020-08-10T23:33:43.721Z] >>> HTTP REQUEST GET https://cloudfunctions.googleapis.com/v1/operations/c29jcmF0aGVtYXRpY3MvdXMtY2VudHJhbDEvYmlnYmVuL2FiYWpBeXFvUkZJ  
 
[debug] [2020-08-10T23:33:44.025Z] <<< HTTP RESPONSE 200 {"content-type":"application/json; charset=UTF-8","vary":"X-Origin, Referer, Origin,Accept-Encoding","date":"Mon, 10 Aug 2020 23:33:44 GMT","server":"ESF","cache-control":"private","x-xss-protection":"0","x-frame-options":"SAMEORIGIN","x-content-type-options":"nosniff","alt-svc":"h3-29=\":443\"; ma=2592000,h3-27=\":443\"; ma=2592000,h3-T050=\":443\"; ma=2592000,h3-Q050=\":443\"; ma=2592000,h3-Q046=\":443\"; ma=2592000,h3-Q043=\":443\"; ma=2592000,quic=\":443\"; ma=2592000; v=\"46,43\"","accept-ranges":"none","transfer-encoding":"chunked"}
[debug] [2020-08-10T23:33:46.031Z] >>> HTTP REQUEST GET https://cloudfunctions.googleapis.com/v1/operations/c29jcmF0aGVtYXRpY3MvdXMtY2VudHJhbDEvYmlnYmVuL2FiYWpBeXFvUkZJ  
 
[debug] [2020-08-10T23:33:46.245Z] <<< HTTP RESPONSE 200 {"content-type":"application/json; charset=UTF-8","vary":"X-Origin, Referer, Origin,Accept-Encoding","date":"Mon, 10 Aug 2020 23:33:46 GMT","server":"ESF","cache-control":"private","x-xss-protection":"0","x-frame-options":"SAMEORIGIN","x-content-type-options":"nosniff","alt-svc":"h3-29=\":443\"; ma=2592000,h3-27=\":443\"; ma=2592000,h3-T050=\":443\"; ma=2592000,h3-Q050=\":443\"; ma=2592000,h3-Q046=\":443\"; ma=2592000,h3-Q043=\":443\"; ma=2592000,quic=\":443\"; ma=2592000; v=\"46,43\"","accept-ranges":"none","transfer-encoding":"chunked"}
[debug] [2020-08-10T23:33:48.249Z] >>> HTTP REQUEST GET https://cloudfunctions.googleapis.com/v1/operations/c29jcmF0aGVtYXRpY3MvdXMtY2VudHJhbDEvYmlnYmVuL2FiYWpBeXFvUkZJ  
 
[debug] [2020-08-10T23:33:48.418Z] <<< HTTP RESPONSE 200 {"content-type":"application/json; charset=UTF-8","vary":"X-Origin, Referer, Origin,Accept-Encoding","date":"Mon, 10 Aug 2020 23:33:48 GMT","server":"ESF","cache-control":"private","x-xss-protection":"0","x-frame-options":"SAMEORIGIN","x-content-type-options":"nosniff","alt-svc":"h3-29=\":443\"; ma=2592000,h3-27=\":443\"; ma=2592000,h3-T050=\":443\"; ma=2592000,h3-Q050=\":443\"; ma=2592000,h3-Q046=\":443\"; ma=2592000,h3-Q043=\":443\"; ma=2592000,quic=\":443\"; ma=2592000; v=\"46,43\"","accept-ranges":"none","transfer-encoding":"chunked"}
[debug] [2020-08-10T23:33:50.422Z] >>> HTTP REQUEST GET https://cloudfunctions.googleapis.com/v1/operations/c29jcmF0aGVtYXRpY3MvdXMtY2VudHJhbDEvYmlnYmVuL2FiYWpBeXFvUkZJ  
 
[debug] [2020-08-10T23:33:50.624Z] <<< HTTP RESPONSE 200 {"content-type":"application/json; charset=UTF-8","vary":"X-Origin, Referer, Origin,Accept-Encoding","date":"Mon, 10 Aug 2020 23:33:50 GMT","server":"ESF","cache-control":"private","x-xss-protection":"0","x-frame-options":"SAMEORIGIN","x-content-type-options":"nosniff","alt-svc":"h3-29=\":443\"; ma=2592000,h3-27=\":443\"; ma=2592000,h3-T050=\":443\"; ma=2592000,h3-Q050=\":443\"; ma=2592000,h3-Q046=\":443\"; ma=2592000,h3-Q043=\":443\"; ma=2592000,quic=\":443\"; ma=2592000; v=\"46,43\"","accept-ranges":"none","transfer-encoding":"chunked"}
[debug] [2020-08-10T23:33:52.630Z] >>> HTTP REQUEST GET https://cloudfunctions.googleapis.com/v1/operations/c29jcmF0aGVtYXRpY3MvdXMtY2VudHJhbDEvYmlnYmVuL2FiYWpBeXFvUkZJ  
 
[debug] [2020-08-10T23:33:52.812Z] <<< HTTP RESPONSE 200 {"content-type":"application/json; charset=UTF-8","vary":"X-Origin, Referer, Origin,Accept-Encoding","date":"Mon, 10 Aug 2020 23:33:52 GMT","server":"ESF","cache-control":"private","x-xss-protection":"0","x-frame-options":"SAMEORIGIN","x-content-type-options":"nosniff","alt-svc":"h3-29=\":443\"; ma=2592000,h3-27=\":443\"; ma=2592000,h3-T050=\":443\"; ma=2592000,h3-Q050=\":443\"; ma=2592000,h3-Q046=\":443\"; ma=2592000,h3-Q043=\":443\"; ma=2592000,quic=\":443\"; ma=2592000; v=\"46,43\"","accept-ranges":"none","transfer-encoding":"chunked"}
[debug] [2020-08-10T23:33:54.815Z] >>> HTTP REQUEST GET https://cloudfunctions.googleapis.com/v1/operations/c29jcmF0aGVtYXRpY3MvdXMtY2VudHJhbDEvYmlnYmVuL2FiYWpBeXFvUkZJ  
 
[debug] [2020-08-10T23:33:55.065Z] <<< HTTP RESPONSE 200 {"content-type":"application/json; charset=UTF-8","vary":"X-Origin, Referer, Origin,Accept-Encoding","date":"Mon, 10 Aug 2020 23:33:55 GMT","server":"ESF","cache-control":"private","x-xss-protection":"0","x-frame-options":"SAMEORIGIN","x-content-type-options":"nosniff","alt-svc":"h3-29=\":443\"; ma=2592000,h3-27=\":443\"; ma=2592000,h3-T050=\":443\"; ma=2592000,h3-Q050=\":443\"; ma=2592000,h3-Q046=\":443\"; ma=2592000,h3-Q043=\":443\"; ma=2592000,quic=\":443\"; ma=2592000; v=\"46,43\"","accept-ranges":"none","transfer-encoding":"chunked"}
[debug] [2020-08-10T23:33:57.070Z] >>> HTTP REQUEST GET https://cloudfunctions.googleapis.com/v1/operations/c29jcmF0aGVtYXRpY3MvdXMtY2VudHJhbDEvYmlnYmVuL2FiYWpBeXFvUkZJ  
 
[debug] [2020-08-10T23:33:57.242Z] <<< HTTP RESPONSE 200 {"content-type":"application/json; charset=UTF-8","vary":"X-Origin, Referer, Origin,Accept-Encoding","date":"Mon, 10 Aug 2020 23:33:57 GMT","server":"ESF","cache-control":"private","x-xss-protection":"0","x-frame-options":"SAMEORIGIN","x-content-type-options":"nosniff","alt-svc":"h3-29=\":443\"; ma=2592000,h3-27=\":443\"; ma=2592000,h3-T050=\":443\"; ma=2592000,h3-Q050=\":443\"; ma=2592000,h3-Q046=\":443\"; ma=2592000,h3-Q043=\":443\"; ma=2592000,quic=\":443\"; ma=2592000; v=\"46,43\"","accept-ranges":"none","transfer-encoding":"chunked"}
